build/app/intermediates/manifest_merge_blame_file/debug/manifest-merger-blame-debug-report.txt
1<?xml version="1.0" encoding="utf-8"?>
2<manifest xmlns:android="http://schemas.android.com/apk/res/android"
3    package="com.example.deeplinkdemoapp"
4    android:versionCode="1"
5    android:versionName="1.0.0" >
6
7    <uses-sdk
8        android:minSdkVersion="19"
9        android:targetSdkVersion="33" />
10    <!--
11         The INTERNET permission is required for development. Specifically,
12         the Flutter tool needs it to communicate with the running application
13         to allow setting breakpoints, to provide hot reload, etc.
14    -->
15    <uses-permission android:name="android.permission.INTERNET" />
15-->src\debug\AndroidManifest.xml:7:5-66
15-->src\debug\AndroidManifest.xml:7:22-64
16
17    <permission
17-->[androidx.core:core:1.10.1] AndroidManifest.xml:22:5-24:47
18        android:name="com.example.deeplinkdemoapp.DYNAMIC_RECEIVER_NOT_EXPORTED_PERMISSION"
18-->[androidx.core:core:1.10.1] AndroidManifest.xml:23:9-81
19        android:protectionLevel="signature" />
19-->[androidx.core:core:1.10.1] AndroidManifest.xml:24:9-44
20
21    <uses-permission android:name="com.example.deeplinkdemoapp.DYNAMIC_RECEIVER_NOT_EXPORTED_PERMISSION" />
21-->[androidx.core:core:1.10.1] AndroidManifest.xml:26:5-97
21-->[androidx.core:core:1.10.1] AndroidManifest.xml:26:22-94
22
23    <application
24        android:name="android.app.Application"
25        android:appComponentFactory="androidx.core.app.CoreComponentFactory"
25-->[androidx.core:core:1.10.1] AndroidManifest.xml:28:18-86
26        android:debuggable="true"
27        android:icon="@mipmap/ic_launcher"
28        android:label="deeplinkdemoapp" >
29        <activity
30            android:name="com.example.deeplinkdemoapp.MainActivity"
31            android:configChanges="orientation|keyboardHidden|keyboard|screenSize|smallestScreenSize|locale|layoutDirection|fontScale|screenLayout|density|uiMode"
32            android:exported="true"
33            android:hardwareAccelerated="true"
34            android:launchMode="singleTop"
35            android:theme="@style/LaunchTheme"
36            android:windowSoftInputMode="adjustResize" >
37
38            <!--
39                 Specifies an Android theme to apply to this Activity as soon as
40                 the Android process has started. This theme is visible to the user
41                 while the Flutter UI initializes. After that, this theme continues
42                 to determine the Window background behind the Flutter UI.
43            -->
44            <meta-data
45                android:name="io.flutter.embedding.android.NormalTheme"
46                android:resource="@style/NormalTheme" />
47
48            <intent-filter>
49                <action android:name="android.intent.action.MAIN" />
50
51                <category android:name="android.intent.category.LAUNCHER" />
52            </intent-filter>
53            <intent-filter>
54                <action android:name="android.intent.action.VIEW" />
55
56                <category android:name="android.intent.category.DEFAULT" />
57                <category android:name="android.intent.category.BROWSABLE" />
58                <!-- Accepts URIs that begin with YOUR_SCHEME://YOUR_HOST -->
59                <data
60                    android:host="genius-team.com"
61                    android:scheme="tdz" />
62            </intent-filter>
63        </activity>
64        <!--
65             Don't delete the meta-data below.
66             This is used by the Flutter tool to generate GeneratedPluginRegistrant.java
67        -->
68        <meta-data
69            android:name="flutterEmbedding"
70            android:value="2" />
71
72        <activity
72-->[:url_launcher_android] AndroidManifest.xml:10:9-13:74
73            android:name="io.flutter.plugins.urllauncher.WebViewActivity"
73-->[:url_launcher_android] AndroidManifest.xml:11:13-74
74            android:exported="false"
74-->[:url_launcher_android] AndroidManifest.xml:12:13-37
75            android:theme="@android:style/Theme.NoTitleBar.Fullscreen" />
75-->[:url_launcher_android] AndroidManifest.xml:13:13-71
76
77        <uses-library
77-->[androidx.window:window:1.0.0-beta04] AndroidManifest.xml:25:9-27:40
78            android:name="androidx.window.extensions"
78-->[androidx.window:window:1.0.0-beta04] AndroidManifest.xml:26:13-54
79            android:required="false" />
79-->[androidx.window:window:1.0.0-beta04] AndroidManifest.xml:27:13-37
80        <uses-library
80-->[androidx.window:window:1.0.0-beta04] AndroidManifest.xml:28:9-30:40
81            android:name="androidx.window.sidecar"
81-->[androidx.window:window:1.0.0-beta04] AndroidManifest.xml:29:13-51
82            android:required="false" />
82-->[androidx.window:window:1.0.0-beta04] AndroidManifest.xml:30:13-37
83    </application>
84
85</manifest>